<?xml version="1.0" encoding="UTF-8"?>
<coverage generated="1631136793120" clover="3.2.0">
  <project timestamp="1631136793124" name="All files">
    <metrics statements="89" coveredstatements="48" conditionals="43" coveredconditionals="18" methods="28" coveredmethods="15" elements="160" coveredelements="81" complexity="0" loc="89" ncloc="89" packages="1" files="3" classes="3"/>
    <file name="ReactiveObjectModel.js" path="/home/pi/pihub/lib/ReactiveObjectModel.js">
      <metrics statements="33" coveredstatements="33" conditionals="23" coveredconditionals="18" methods="9" coveredmethods="8"/>
      <line num="2" count="1" type="stmt"/>
      <line num="5" count="1" type="stmt"/>
      <line num="12" count="4" type="stmt"/>
      <line num="27" count="8" type="stmt"/>
      <line num="29" count="4" type="stmt"/>
      <line num="32" count="4" type="cond" truecount="1" falsecount="1"/>
      <line num="43" count="4" type="cond" truecount="2" falsecount="1"/>
      <line num="48" count="5" type="stmt"/>
      <line num="50" count="4" type="stmt"/>
      <line num="64" count="14" type="stmt"/>
      <line num="65" count="14" type="cond" truecount="1" falsecount="1"/>
      <line num="68" count="14" type="stmt"/>
      <line num="79" count="6" type="cond" truecount="4" falsecount="0"/>
      <line num="80" count="1" type="stmt"/>
      <line num="87" count="5" type="cond" truecount="1" falsecount="1"/>
      <line num="88" count="5" type="stmt"/>
      <line num="91" count="5" type="cond" truecount="4" falsecount="0"/>
      <line num="92" count="1" type="stmt"/>
      <line num="94" count="5" type="stmt"/>
      <line num="95" count="5" type="stmt"/>
      <line num="98" count="5" type="stmt"/>
      <line num="99" count="5" type="stmt"/>
      <line num="100" count="5" type="stmt"/>
      <line num="101" count="5" type="stmt"/>
      <line num="105" count="14" type="cond" truecount="1" falsecount="1"/>
      <line num="109" count="14" type="stmt"/>
      <line num="111" count="14" type="stmt"/>
      <line num="112" count="14" type="stmt"/>
      <line num="115" count="10" type="cond" truecount="4" falsecount="0"/>
      <line num="116" count="9" type="stmt"/>
      <line num="119" count="14" type="stmt"/>
      <line num="120" count="14" type="stmt"/>
      <line num="126" count="1" type="stmt"/>
    </file>
    <file name="Settings.js" path="/home/pi/pihub/lib/Settings.js">
      <metrics statements="45" coveredstatements="4" conditionals="20" coveredconditionals="0" methods="11" coveredmethods="0"/>
      <line num="2" count="1" type="stmt"/>
      <line num="3" count="1" type="stmt"/>
      <line num="5" count="1" type="stmt"/>
      <line num="12" count="0" type="stmt"/>
      <line num="19" count="0" type="stmt"/>
      <line num="20" count="0" type="stmt"/>
      <line num="22" count="0" type="stmt"/>
      <line num="33" count="0" type="stmt"/>
      <line num="35" count="0" type="stmt"/>
      <line num="37" count="0" type="stmt"/>
      <line num="39" count="0" type="cond" truecount="0" falsecount="2"/>
      <line num="41" count="0" type="cond" truecount="0" falsecount="2"/>
      <line num="45" count="0" type="stmt"/>
      <line num="49" count="0" type="stmt"/>
      <line num="50" count="0" type="stmt"/>
      <line num="52" count="0" type="stmt"/>
      <line num="53" count="0" type="stmt"/>
      <line num="55" count="0" type="stmt"/>
      <line num="56" count="0" type="stmt"/>
      <line num="58" count="0" type="stmt"/>
      <line num="59" count="0" type="cond" truecount="0" falsecount="2"/>
      <line num="60" count="0" type="stmt"/>
      <line num="65" count="0" type="stmt"/>
      <line num="67" count="0" type="stmt"/>
      <line num="82" count="0" type="stmt"/>
      <line num="83" count="0" type="cond" truecount="0" falsecount="2"/>
      <line num="86" count="0" type="stmt"/>
      <line num="102" count="0" type="cond" truecount="0" falsecount="2"/>
      <line num="103" count="0" type="stmt"/>
      <line num="106" count="0" type="cond" truecount="0" falsecount="4"/>
      <line num="107" count="0" type="stmt"/>
      <line num="109" count="0" type="stmt"/>
      <line num="110" count="0" type="stmt"/>
      <line num="113" count="0" type="stmt"/>
      <line num="114" count="0" type="stmt"/>
      <line num="115" count="0" type="stmt"/>
      <line num="119" count="0" type="cond" truecount="0" falsecount="2"/>
      <line num="123" count="0" type="stmt"/>
      <line num="125" count="0" type="stmt"/>
      <line num="126" count="0" type="stmt"/>
      <line num="129" count="0" type="cond" truecount="0" falsecount="4"/>
      <line num="130" count="0" type="stmt"/>
      <line num="133" count="0" type="stmt"/>
      <line num="134" count="0" type="stmt"/>
      <line num="140" count="1" type="stmt"/>
    </file>
    <file name="Tst.js" path="/home/pi/pihub/lib/Tst.js">
      <metrics statements="11" coveredstatements="11" conditionals="0" coveredconditionals="0" methods="8" coveredmethods="7"/>
      <line num="2" count="1" type="stmt"/>
      <line num="9" count="1" type="stmt"/>
      <line num="11" count="1" type="stmt"/>
      <line num="12" count="1" type="stmt"/>
      <line num="22" count="2" type="stmt"/>
      <line num="25" count="1" type="stmt"/>
      <line num="31" count="1" type="stmt"/>
      <line num="33" count="1" type="stmt"/>
      <line num="34" count="1" type="stmt"/>
      <line num="35" count="1" type="stmt"/>
      <line num="40" count="1" type="stmt"/>
    </file>
  </project>
</coverage>
