<?xml version="1.0" encoding="UTF-8"?>
<coverage generated="1631482408600" clover="3.2.0">
  <project timestamp="1631482408604" name="All files">
    <metrics statements="76" coveredstatements="75" conditionals="41" coveredconditionals="28" methods="19" coveredmethods="18" elements="136" coveredelements="121" complexity="0" loc="76" ncloc="76" packages="1" files="2" classes="2"/>
    <file name="ReactiveObjectModel.js" path="/home/pi/pihub/lib/ReactiveObjectModel.js">
      <metrics statements="33" coveredstatements="33" conditionals="23" coveredconditionals="18" methods="9" coveredmethods="8"/>
      <line num="2" count="1" type="stmt"/>
      <line num="5" count="1" type="stmt"/>
      <line num="12" count="4" type="stmt"/>
      <line num="27" count="8" type="stmt"/>
      <line num="29" count="4" type="stmt"/>
      <line num="32" count="4" type="cond" truecount="1" falsecount="1"/>
      <line num="38" count="4" type="cond" truecount="2" falsecount="1"/>
      <line num="41" count="5" type="stmt"/>
      <line num="43" count="4" type="stmt"/>
      <line num="57" count="14" type="stmt"/>
      <line num="58" count="14" type="cond" truecount="1" falsecount="1"/>
      <line num="61" count="14" type="stmt"/>
      <line num="72" count="6" type="cond" truecount="4" falsecount="0"/>
      <line num="73" count="1" type="stmt"/>
      <line num="80" count="5" type="cond" truecount="1" falsecount="1"/>
      <line num="81" count="5" type="stmt"/>
      <line num="84" count="5" type="cond" truecount="4" falsecount="0"/>
      <line num="85" count="1" type="stmt"/>
      <line num="87" count="5" type="stmt"/>
      <line num="88" count="5" type="stmt"/>
      <line num="91" count="5" type="stmt"/>
      <line num="92" count="5" type="stmt"/>
      <line num="93" count="5" type="stmt"/>
      <line num="94" count="5" type="stmt"/>
      <line num="98" count="14" type="cond" truecount="1" falsecount="1"/>
      <line num="102" count="14" type="stmt"/>
      <line num="104" count="14" type="stmt"/>
      <line num="105" count="14" type="stmt"/>
      <line num="108" count="10" type="cond" truecount="4" falsecount="0"/>
      <line num="109" count="9" type="stmt"/>
      <line num="112" count="14" type="stmt"/>
      <line num="113" count="14" type="stmt"/>
      <line num="119" count="1" type="stmt"/>
    </file>
    <file name="Settings.js" path="/home/pi/pihub/lib/Settings.js">
      <metrics statements="43" coveredstatements="42" conditionals="18" coveredconditionals="10" methods="10" coveredmethods="10"/>
      <line num="2" count="1" type="stmt"/>
      <line num="3" count="1" type="stmt"/>
      <line num="5" count="1" type="stmt"/>
      <line num="12" count="2" type="stmt"/>
      <line num="19" count="2" type="stmt"/>
      <line num="20" count="2" type="stmt"/>
      <line num="22" count="2" type="cond" truecount="1" falsecount="1"/>
      <line num="33" count="2" type="stmt"/>
      <line num="35" count="2" type="stmt"/>
      <line num="49" count="2" type="stmt"/>
      <line num="51" count="2" type="cond" truecount="1" falsecount="1"/>
      <line num="55" count="2" type="stmt"/>
      <line num="58" count="2" type="stmt"/>
      <line num="62" count="2" type="stmt"/>
      <line num="63" count="2" type="stmt"/>
      <line num="65" count="2" type="stmt"/>
      <line num="66" count="2" type="stmt"/>
      <line num="68" count="2" type="stmt"/>
      <line num="69" count="2" type="stmt"/>
      <line num="71" count="2" type="stmt"/>
      <line num="75" count="2" type="stmt"/>
      <line num="77" count="2" type="stmt"/>
      <line num="92" count="5" type="stmt"/>
      <line num="93" count="5" type="cond" truecount="1" falsecount="1"/>
      <line num="96" count="5" type="stmt"/>
      <line num="112" count="2" type="cond" truecount="1" falsecount="1"/>
      <line num="113" count="2" type="stmt"/>
      <line num="116" count="2" type="cond" truecount="2" falsecount="2"/>
      <line num="117" count="0" type="stmt"/>
      <line num="119" count="2" type="stmt"/>
      <line num="120" count="2" type="stmt"/>
      <line num="123" count="2" type="stmt"/>
      <line num="124" count="2" type="stmt"/>
      <line num="125" count="2" type="stmt"/>
      <line num="129" count="5" type="cond" truecount="1" falsecount="1"/>
      <line num="133" count="5" type="stmt"/>
      <line num="135" count="5" type="stmt"/>
      <line num="136" count="5" type="stmt"/>
      <line num="139" count="3" type="cond" truecount="3" falsecount="1"/>
      <line num="140" count="3" type="stmt"/>
      <line num="143" count="5" type="stmt"/>
      <line num="144" count="5" type="stmt"/>
      <line num="185" count="1" type="stmt"/>
    </file>
  </project>
</coverage>
