{"/home/pi/pihub/lib/ReactiveObjectModel.js": {"path":"/home/pi/pihub/lib/ReactiveObjectModel.js","statementMap":{"0":{"start":{"line":2,"column":11},"end":{"line":2,"column":24}},"1":{"start":{"line":5,"column":12},"end":{"line":5,"column":46}},"2":{"start":{"line":12,"column":8},"end":{"line":20,"column":17}},"3":{"start":{"line":27,"column":8},"end":{"line":27,"column":76}},"4":{"start":{"line":27,"column":48},"end":{"line":27,"column":74}},"5":{"start":{"line":29,"column":8},"end":{"line":29,"column":25}},"6":{"start":{"line":32,"column":8},"end":{"line":32,"column":77}},"7":{"start":{"line":43,"column":8},"end":{"line":44,"column":52}},"8":{"start":{"line":48,"column":8},"end":{"line":48,"column":108}},"9":{"start":{"line":48,"column":67},"end":{"line":48,"column":106}},"10":{"start":{"line":50,"column":8},"end":{"line":50,"column":25}},"11":{"start":{"line":64,"column":8},"end":{"line":64,"column":61}},"12":{"start":{"line":65,"column":8},"end":{"line":65,"column":53}},"13":{"start":{"line":68,"column":8},"end":{"line":103,"column":9}},"14":{"start":{"line":79,"column":16},"end":{"line":80,"column":53}},"15":{"start":{"line":80,"column":20},"end":{"line":80,"column":53}},"16":{"start":{"line":87,"column":31},"end":{"line":87,"column":95}},"17":{"start":{"line":88,"column":16},"end":{"line":88,"column":47}},"18":{"start":{"line":91,"column":16},"end":{"line":92,"column":64}},"19":{"start":{"line":92,"column":20},"end":{"line":92,"column":64}},"20":{"start":{"line":94,"column":16},"end":{"line":94,"column":48}},"21":{"start":{"line":95,"column":16},"end":{"line":95,"column":37}},"22":{"start":{"line":98,"column":16},"end":{"line":98,"column":49}},"23":{"start":{"line":99,"column":16},"end":{"line":99,"column":40}},"24":{"start":{"line":100,"column":16},"end":{"line":100,"column":49}},"25":{"start":{"line":101,"column":16},"end":{"line":101,"column":28}},"26":{"start":{"line":105,"column":20},"end":{"line":107,"column":54}},"27":{"start":{"line":109,"column":8},"end":{"line":109,"column":86}},"28":{"start":{"line":111,"column":8},"end":{"line":111,"column":27}},"29":{"start":{"line":112,"column":8},"end":{"line":117,"column":27}},"30":{"start":{"line":115,"column":28},"end":{"line":116,"column":82}},"31":{"start":{"line":116,"column":32},"end":{"line":116,"column":82}},"32":{"start":{"line":119,"column":8},"end":{"line":119,"column":52}},"33":{"start":{"line":120,"column":8},"end":{"line":120,"column":21}},"34":{"start":{"line":126,"column":0},"end":{"line":126,"column":21}}},"fnMap":{"0":{"name":"(anonymous_0)","decl":{"start":{"line":5,"column":40},"end":{"line":5,"column":41}},"loc":{"start":{"line":5,"column":44},"end":{"line":5,"column":46}},"line":5},"1":{"name":"(anonymous_1)","decl":{"start":{"line":10,"column":4},"end":{"line":10,"column":5}},"loc":{"start":{"line":11,"column":4},"end":{"line":33,"column":5}},"line":11},"2":{"name":"(anonymous_2)","decl":{"start":{"line":16,"column":23},"end":{"line":16,"column":24}},"loc":{"start":{"line":16,"column":29},"end":{"line":16,"column":31}},"line":16},"3":{"name":"(anonymous_3)","decl":{"start":{"line":27,"column":40},"end":{"line":27,"column":41}},"loc":{"start":{"line":27,"column":48},"end":{"line":27,"column":74}},"line":27},"4":{"name":"(anonymous_4)","decl":{"start":{"line":36,"column":4},"end":{"line":36,"column":5}},"loc":{"start":{"line":37,"column":4},"end":{"line":51,"column":5}},"line":37},"5":{"name":"(anonymous_5)","decl":{"start":{"line":48,"column":49},"end":{"line":48,"column":50}},"loc":{"start":{"line":48,"column":67},"end":{"line":48,"column":106}},"line":48},"6":{"name":"(anonymous_6)","decl":{"start":{"line":62,"column":4},"end":{"line":62,"column":5}},"loc":{"start":{"line":63,"column":4},"end":{"line":121,"column":5}},"line":63},"7":{"name":"(anonymous_7)","decl":{"start":{"line":77,"column":12},"end":{"line":77,"column":13}},"loc":{"start":{"line":78,"column":12},"end":{"line":102,"column":13}},"line":78},"8":{"name":"(anonymous_8)","decl":{"start":{"line":113,"column":23},"end":{"line":113,"column":24}},"loc":{"start":{"line":114,"column":24},"end":{"line":117,"column":25}},"line":114}},"branchMap":{"0":{"loc":{"start":{"line":32,"column":8},"end":{"line":32,"column":76}},"type":"binary-expr","locations":[{"start":{"line":32,"column":8},"end":{"line":32,"column":22}},{"start":{"line":32,"column":27},"end":{"line":32,"column":75}}],"line":32},"1":{"loc":{"start":{"line":43,"column":20},"end":{"line":44,"column":51}},"type":"binary-expr","locations":[{"start":{"line":43,"column":21},"end":{"line":43,"column":32}},{"start":{"line":43,"column":36},"end":{"line":43,"column":49}},{"start":{"line":44,"column":27},"end":{"line":44,"column":51}}],"line":43},"2":{"loc":{"start":{"line":65,"column":8},"end":{"line":65,"column":52}},"type":"binary-expr","locations":[{"start":{"line":65,"column":8},"end":{"line":65,"column":24}},{"start":{"line":65,"column":28},"end":{"line":65,"column":52}}],"line":65},"3":{"loc":{"start":{"line":79,"column":16},"end":{"line":80,"column":53}},"type":"if","locations":[{"start":{"line":79,"column":16},"end":{"line":80,"column":53}},{"start":{"line":79,"column":16},"end":{"line":80,"column":53}}],"line":79},"4":{"loc":{"start":{"line":79,"column":19},"end":{"line":79,"column":61}},"type":"binary-expr","locations":[{"start":{"line":79,"column":19},"end":{"line":79,"column":40}},{"start":{"line":79,"column":44},"end":{"line":79,"column":61}}],"line":79},"5":{"loc":{"start":{"line":87,"column":31},"end":{"line":87,"column":95}},"type":"cond-expr","locations":[{"start":{"line":87,"column":58},"end":{"line":87,"column":88}},{"start":{"line":87,"column":91},"end":{"line":87,"column":95}}],"line":87},"6":{"loc":{"start":{"line":91,"column":16},"end":{"line":92,"column":64}},"type":"if","locations":[{"start":{"line":91,"column":16},"end":{"line":92,"column":64}},{"start":{"line":91,"column":16},"end":{"line":92,"column":64}}],"line":91},"7":{"loc":{"start":{"line":91,"column":19},"end":{"line":91,"column":64}},"type":"binary-expr","locations":[{"start":{"line":91,"column":19},"end":{"line":91,"column":44}},{"start":{"line":91,"column":48},"end":{"line":91,"column":64}}],"line":91},"8":{"loc":{"start":{"line":105,"column":20},"end":{"line":107,"column":54}},"type":"cond-expr","locations":[{"start":{"line":106,"column":24},"end":{"line":106,"column":30}},{"start":{"line":107,"column":28},"end":{"line":107,"column":54}}],"line":105},"9":{"loc":{"start":{"line":115,"column":28},"end":{"line":116,"column":82}},"type":"if","locations":[{"start":{"line":115,"column":28},"end":{"line":116,"column":82}},{"start":{"line":115,"column":28},"end":{"line":116,"column":82}}],"line":115},"10":{"loc":{"start":{"line":115,"column":31},"end":{"line":115,"column":76}},"type":"binary-expr","locations":[{"start":{"line":115,"column":31},"end":{"line":115,"column":56}},{"start":{"line":115,"column":60},"end":{"line":115,"column":76}}],"line":115}},"s":{"0":1,"1":1,"2":4,"3":4,"4":8,"5":4,"6":4,"7":4,"8":4,"9":5,"10":4,"11":14,"12":14,"13":14,"14":6,"15":1,"16":5,"17":5,"18":5,"19":1,"20":5,"21":5,"22":5,"23":5,"24":5,"25":5,"26":14,"27":14,"28":14,"29":14,"30":10,"31":9,"32":14,"33":14,"34":1},"f":{"0":62,"1":4,"2":0,"3":8,"4":4,"5":5,"6":14,"7":6,"8":10},"b":{"0":[4,0],"1":[4,0,4],"2":[14,0],"3":[1,5],"4":[6,2],"5":[0,5],"6":[1,4],"7":[5,1],"8":[0,14],"9":[9,1],"10":[10,9]},"_coverageSchema":"1a1c01bbd47fc00a2c39e90264f33305004495a9","hash":"f742055f0a805743b5c1e607ad9bc7ae21de6437"}
,"/home/pi/pihub/lib/Settings.js": {"path":"/home/pi/pihub/lib/Settings.js","statementMap":{"0":{"start":{"line":2,"column":11},"end":{"line":2,"column":24}},"1":{"start":{"line":3,"column":0},"end":{"line":3,"column":24}},"2":{"start":{"line":5,"column":12},"end":{"line":5,"column":46}},"3":{"start":{"line":12,"column":8},"end":{"line":17,"column":17}},"4":{"start":{"line":19,"column":8},"end":{"line":19,"column":29}},"5":{"start":{"line":20,"column":8},"end":{"line":20,"column":29}},"6":{"start":{"line":22,"column":8},"end":{"line":22,"column":59}},"7":{"start":{"line":33,"column":8},"end":{"line":33,"column":33}},"8":{"start":{"line":35,"column":8},"end":{"line":47,"column":11}},"9":{"start":{"line":37,"column":12},"end":{"line":46,"column":15}},"10":{"start":{"line":39,"column":16},"end":{"line":39,"column":36}},"11":{"start":{"line":39,"column":25},"end":{"line":39,"column":36}},"12":{"start":{"line":41,"column":33},"end":{"line":43,"column":56}},"13":{"start":{"line":45,"column":16},"end":{"line":45,"column":36}},"14":{"start":{"line":49,"column":25},"end":{"line":49,"column":29}},"15":{"start":{"line":50,"column":22},"end":{"line":63,"column":9}},"16":{"start":{"line":52,"column":12},"end":{"line":52,"column":37}},"17":{"start":{"line":53,"column":12},"end":{"line":62,"column":20}},"18":{"start":{"line":55,"column":27},"end":{"line":55,"column":68}},"19":{"start":{"line":56,"column":16},"end":{"line":56,"column":60}},"20":{"start":{"line":58,"column":16},"end":{"line":61,"column":19}},"21":{"start":{"line":59,"column":20},"end":{"line":59,"column":40}},"22":{"start":{"line":59,"column":29},"end":{"line":59,"column":40}},"23":{"start":{"line":60,"column":20},"end":{"line":60,"column":52}},"24":{"start":{"line":65,"column":8},"end":{"line":65,"column":71}},"25":{"start":{"line":67,"column":8},"end":{"line":67,"column":29}},"26":{"start":{"line":82,"column":8},"end":{"line":82,"column":61}},"27":{"start":{"line":83,"column":8},"end":{"line":83,"column":53}},"28":{"start":{"line":86,"column":8},"end":{"line":117,"column":9}},"29":{"start":{"line":102,"column":31},"end":{"line":102,"column":95}},"30":{"start":{"line":103,"column":16},"end":{"line":103,"column":47}},"31":{"start":{"line":106,"column":16},"end":{"line":107,"column":69}},"32":{"start":{"line":107,"column":20},"end":{"line":107,"column":69}},"33":{"start":{"line":109,"column":16},"end":{"line":109,"column":48}},"34":{"start":{"line":110,"column":16},"end":{"line":110,"column":37}},"35":{"start":{"line":113,"column":16},"end":{"line":113,"column":49}},"36":{"start":{"line":114,"column":16},"end":{"line":114,"column":28}},"37":{"start":{"line":115,"column":16},"end":{"line":115,"column":49}},"38":{"start":{"line":119,"column":20},"end":{"line":121,"column":54}},"39":{"start":{"line":123,"column":8},"end":{"line":123,"column":86}},"40":{"start":{"line":125,"column":8},"end":{"line":125,"column":27}},"41":{"start":{"line":126,"column":8},"end":{"line":131,"column":27}},"42":{"start":{"line":129,"column":28},"end":{"line":130,"column":87}},"43":{"start":{"line":130,"column":32},"end":{"line":130,"column":87}},"44":{"start":{"line":133,"column":8},"end":{"line":133,"column":52}},"45":{"start":{"line":134,"column":8},"end":{"line":134,"column":21}},"46":{"start":{"line":140,"column":0},"end":{"line":140,"column":26}}},"fnMap":{"0":{"name":"(anonymous_0)","decl":{"start":{"line":5,"column":40},"end":{"line":5,"column":41}},"loc":{"start":{"line":5,"column":44},"end":{"line":5,"column":46}},"line":5},"1":{"name":"(anonymous_1)","decl":{"start":{"line":10,"column":4},"end":{"line":10,"column":5}},"loc":{"start":{"line":11,"column":4},"end":{"line":23,"column":5}},"line":11},"2":{"name":"(anonymous_2)","decl":{"start":{"line":31,"column":4},"end":{"line":31,"column":5}},"loc":{"start":{"line":32,"column":4},"end":{"line":68,"column":5}},"line":32},"3":{"name":"(anonymous_3)","decl":{"start":{"line":35,"column":42},"end":{"line":35,"column":43}},"loc":{"start":{"line":36,"column":8},"end":{"line":47,"column":9}},"line":36},"4":{"name":"(anonymous_4)","decl":{"start":{"line":37,"column":34},"end":{"line":37,"column":35}},"loc":{"start":{"line":38,"column":12},"end":{"line":46,"column":13}},"line":38},"5":{"name":"(anonymous_5)","decl":{"start":{"line":50,"column":22},"end":{"line":50,"column":23}},"loc":{"start":{"line":51,"column":8},"end":{"line":63,"column":9}},"line":51},"6":{"name":"(anonymous_6)","decl":{"start":{"line":53,"column":36},"end":{"line":53,"column":37}},"loc":{"start":{"line":54,"column":12},"end":{"line":62,"column":13}},"line":54},"7":{"name":"(anonymous_7)","decl":{"start":{"line":58,"column":50},"end":{"line":58,"column":51}},"loc":{"start":{"line":58,"column":59},"end":{"line":61,"column":17}},"line":58},"8":{"name":"(anonymous_8)","decl":{"start":{"line":80,"column":4},"end":{"line":80,"column":5}},"loc":{"start":{"line":81,"column":4},"end":{"line":135,"column":5}},"line":81},"9":{"name":"(anonymous_9)","decl":{"start":{"line":95,"column":12},"end":{"line":95,"column":13}},"loc":{"start":{"line":96,"column":12},"end":{"line":116,"column":13}},"line":96},"10":{"name":"(anonymous_10)","decl":{"start":{"line":127,"column":23},"end":{"line":127,"column":24}},"loc":{"start":{"line":128,"column":24},"end":{"line":131,"column":25}},"line":128}},"branchMap":{"0":{"loc":{"start":{"line":39,"column":16},"end":{"line":39,"column":36}},"type":"if","locations":[{"start":{"line":39,"column":16},"end":{"line":39,"column":36}},{"start":{"line":39,"column":16},"end":{"line":39,"column":36}}],"line":39},"1":{"loc":{"start":{"line":41,"column":33},"end":{"line":43,"column":56}},"type":"cond-expr","locations":[{"start":{"line":42,"column":36},"end":{"line":42,"column":60}},{"start":{"line":43,"column":40},"end":{"line":43,"column":56}}],"line":41},"2":{"loc":{"start":{"line":59,"column":20},"end":{"line":59,"column":40}},"type":"if","locations":[{"start":{"line":59,"column":20},"end":{"line":59,"column":40}},{"start":{"line":59,"column":20},"end":{"line":59,"column":40}}],"line":59},"3":{"loc":{"start":{"line":83,"column":8},"end":{"line":83,"column":52}},"type":"binary-expr","locations":[{"start":{"line":83,"column":8},"end":{"line":83,"column":24}},{"start":{"line":83,"column":28},"end":{"line":83,"column":52}}],"line":83},"4":{"loc":{"start":{"line":102,"column":31},"end":{"line":102,"column":95}},"type":"cond-expr","locations":[{"start":{"line":102,"column":58},"end":{"line":102,"column":88}},{"start":{"line":102,"column":91},"end":{"line":102,"column":95}}],"line":102},"5":{"loc":{"start":{"line":106,"column":16},"end":{"line":107,"column":69}},"type":"if","locations":[{"start":{"line":106,"column":16},"end":{"line":107,"column":69}},{"start":{"line":106,"column":16},"end":{"line":107,"column":69}}],"line":106},"6":{"loc":{"start":{"line":106,"column":19},"end":{"line":106,"column":64}},"type":"binary-expr","locations":[{"start":{"line":106,"column":19},"end":{"line":106,"column":44}},{"start":{"line":106,"column":48},"end":{"line":106,"column":64}}],"line":106},"7":{"loc":{"start":{"line":119,"column":20},"end":{"line":121,"column":54}},"type":"cond-expr","locations":[{"start":{"line":120,"column":24},"end":{"line":120,"column":30}},{"start":{"line":121,"column":28},"end":{"line":121,"column":54}}],"line":119},"8":{"loc":{"start":{"line":129,"column":28},"end":{"line":130,"column":87}},"type":"if","locations":[{"start":{"line":129,"column":28},"end":{"line":130,"column":87}},{"start":{"line":129,"column":28},"end":{"line":130,"column":87}}],"line":129},"9":{"loc":{"start":{"line":129,"column":31},"end":{"line":129,"column":76}},"type":"binary-expr","locations":[{"start":{"line":129,"column":31},"end":{"line":129,"column":56}},{"start":{"line":129,"column":60},"end":{"line":129,"column":76}}],"line":129}},"s":{"0":1,"1":1,"2":1,"3":0,"4":0,"5":0,"6":0,"7":0,"8":0,"9":0,"10":0,"11":0,"12":0,"13":0,"14":0,"15":0,"16":0,"17":0,"18":0,"19":0,"20":0,"21":0,"22":0,"23":0,"24":0,"25":0,"26":0,"27":0,"28":0,"29":0,"30":0,"31":0,"32":0,"33":0,"34":0,"35":0,"36":0,"37":0,"38":0,"39":0,"40":0,"41":0,"42":0,"43":0,"44":0,"45":0,"46":1},"f":{"0":0,"1":0,"2":0,"3":0,"4":0,"5":0,"6":0,"7":0,"8":0,"9":0,"10":0},"b":{"0":[0,0],"1":[0,0],"2":[0,0],"3":[0,0],"4":[0,0],"5":[0,0],"6":[0,0],"7":[0,0],"8":[0,0],"9":[0,0]},"_coverageSchema":"1a1c01bbd47fc00a2c39e90264f33305004495a9","hash":"6a251e9d45b8e08ef75401514e38bbe101c88fcb"}
,"/home/pi/pihub/lib/Tst.js": {"path":"/home/pi/pihub/lib/Tst.js","statementMap":{"0":{"start":{"line":2,"column":12},"end":{"line":2,"column":46}},"1":{"start":{"line":9,"column":8},"end":{"line":15,"column":17}},"2":{"start":{"line":11,"column":27},"end":{"line":11,"column":29}},"3":{"start":{"line":12,"column":29},"end":{"line":12,"column":30}},"4":{"start":{"line":22,"column":8},"end":{"line":22,"column":76}},"5":{"start":{"line":22,"column":48},"end":{"line":22,"column":74}},"6":{"start":{"line":25,"column":8},"end":{"line":25,"column":59}},"7":{"start":{"line":31,"column":8},"end":{"line":36,"column":11}},"8":{"start":{"line":33,"column":25},"end":{"line":33,"column":38}},"9":{"start":{"line":34,"column":12},"end":{"line":34,"column":43}},"10":{"start":{"line":35,"column":12},"end":{"line":35,"column":51}},"11":{"start":{"line":35,"column":29},"end":{"line":35,"column":44}},"12":{"start":{"line":40,"column":0},"end":{"line":40,"column":21}}},"fnMap":{"0":{"name":"(anonymous_0)","decl":{"start":{"line":2,"column":40},"end":{"line":2,"column":41}},"loc":{"start":{"line":2,"column":44},"end":{"line":2,"column":46}},"line":2},"1":{"name":"(anonymous_1)","decl":{"start":{"line":7,"column":4},"end":{"line":7,"column":5}},"loc":{"start":{"line":8,"column":4},"end":{"line":26,"column":5}},"line":8},"2":{"name":"(anonymous_2)","decl":{"start":{"line":11,"column":20},"end":{"line":11,"column":21}},"loc":{"start":{"line":11,"column":27},"end":{"line":11,"column":29}},"line":11},"3":{"name":"(anonymous_3)","decl":{"start":{"line":12,"column":23},"end":{"line":12,"column":24}},"loc":{"start":{"line":12,"column":29},"end":{"line":12,"column":30}},"line":12},"4":{"name":"(anonymous_4)","decl":{"start":{"line":22,"column":40},"end":{"line":22,"column":41}},"loc":{"start":{"line":22,"column":48},"end":{"line":22,"column":74}},"line":22},"5":{"name":"(anonymous_5)","decl":{"start":{"line":29,"column":4},"end":{"line":29,"column":5}},"loc":{"start":{"line":30,"column":4},"end":{"line":37,"column":5}},"line":30},"6":{"name":"(anonymous_6)","decl":{"start":{"line":31,"column":27},"end":{"line":31,"column":28}},"loc":{"start":{"line":32,"column":8},"end":{"line":36,"column":9}},"line":32},"7":{"name":"(anonymous_7)","decl":{"start":{"line":35,"column":23},"end":{"line":35,"column":24}},"loc":{"start":{"line":35,"column":29},"end":{"line":35,"column":44}},"line":35}},"branchMap":{},"s":{"0":1,"1":1,"2":1,"3":1,"4":1,"5":2,"6":1,"7":1,"8":1,"9":1,"10":1,"11":1,"12":1},"f":{"0":0,"1":1,"2":1,"3":1,"4":2,"5":1,"6":1,"7":1},"b":{},"_coverageSchema":"1a1c01bbd47fc00a2c39e90264f33305004495a9","hash":"2350a7f548abe013e9f424af0b5b64ef860ecb34"}
}
