{"/home/pi/pihub/lib/ReactiveObjectModel.js": {"path":"/home/pi/pihub/lib/ReactiveObjectModel.js","statementMap":{"0":{"start":{"line":2,"column":11},"end":{"line":2,"column":24}},"1":{"start":{"line":5,"column":12},"end":{"line":5,"column":46}},"2":{"start":{"line":12,"column":8},"end":{"line":20,"column":17}},"3":{"start":{"line":27,"column":8},"end":{"line":27,"column":76}},"4":{"start":{"line":27,"column":48},"end":{"line":27,"column":74}},"5":{"start":{"line":29,"column":8},"end":{"line":29,"column":25}},"6":{"start":{"line":32,"column":8},"end":{"line":32,"column":77}},"7":{"start":{"line":38,"column":8},"end":{"line":39,"column":52}},"8":{"start":{"line":41,"column":8},"end":{"line":41,"column":108}},"9":{"start":{"line":41,"column":67},"end":{"line":41,"column":106}},"10":{"start":{"line":43,"column":8},"end":{"line":43,"column":25}},"11":{"start":{"line":57,"column":8},"end":{"line":57,"column":61}},"12":{"start":{"line":58,"column":8},"end":{"line":58,"column":53}},"13":{"start":{"line":61,"column":8},"end":{"line":96,"column":9}},"14":{"start":{"line":72,"column":16},"end":{"line":73,"column":53}},"15":{"start":{"line":73,"column":20},"end":{"line":73,"column":53}},"16":{"start":{"line":80,"column":31},"end":{"line":80,"column":95}},"17":{"start":{"line":81,"column":16},"end":{"line":81,"column":47}},"18":{"start":{"line":84,"column":16},"end":{"line":85,"column":64}},"19":{"start":{"line":85,"column":20},"end":{"line":85,"column":64}},"20":{"start":{"line":87,"column":16},"end":{"line":87,"column":48}},"21":{"start":{"line":88,"column":16},"end":{"line":88,"column":37}},"22":{"start":{"line":91,"column":16},"end":{"line":91,"column":49}},"23":{"start":{"line":92,"column":16},"end":{"line":92,"column":40}},"24":{"start":{"line":93,"column":16},"end":{"line":93,"column":49}},"25":{"start":{"line":94,"column":16},"end":{"line":94,"column":28}},"26":{"start":{"line":98,"column":20},"end":{"line":100,"column":54}},"27":{"start":{"line":102,"column":8},"end":{"line":102,"column":86}},"28":{"start":{"line":104,"column":8},"end":{"line":104,"column":27}},"29":{"start":{"line":105,"column":8},"end":{"line":110,"column":27}},"30":{"start":{"line":108,"column":28},"end":{"line":109,"column":82}},"31":{"start":{"line":109,"column":32},"end":{"line":109,"column":82}},"32":{"start":{"line":112,"column":8},"end":{"line":112,"column":52}},"33":{"start":{"line":113,"column":8},"end":{"line":113,"column":21}},"34":{"start":{"line":119,"column":0},"end":{"line":119,"column":21}}},"fnMap":{"0":{"name":"(anonymous_0)","decl":{"start":{"line":5,"column":40},"end":{"line":5,"column":41}},"loc":{"start":{"line":5,"column":44},"end":{"line":5,"column":46}},"line":5},"1":{"name":"(anonymous_1)","decl":{"start":{"line":10,"column":4},"end":{"line":10,"column":5}},"loc":{"start":{"line":11,"column":4},"end":{"line":33,"column":5}},"line":11},"2":{"name":"(anonymous_2)","decl":{"start":{"line":16,"column":23},"end":{"line":16,"column":24}},"loc":{"start":{"line":16,"column":29},"end":{"line":16,"column":31}},"line":16},"3":{"name":"(anonymous_3)","decl":{"start":{"line":27,"column":40},"end":{"line":27,"column":41}},"loc":{"start":{"line":27,"column":48},"end":{"line":27,"column":74}},"line":27},"4":{"name":"(anonymous_4)","decl":{"start":{"line":36,"column":4},"end":{"line":36,"column":5}},"loc":{"start":{"line":37,"column":4},"end":{"line":44,"column":5}},"line":37},"5":{"name":"(anonymous_5)","decl":{"start":{"line":41,"column":49},"end":{"line":41,"column":50}},"loc":{"start":{"line":41,"column":67},"end":{"line":41,"column":106}},"line":41},"6":{"name":"(anonymous_6)","decl":{"start":{"line":55,"column":4},"end":{"line":55,"column":5}},"loc":{"start":{"line":56,"column":4},"end":{"line":114,"column":5}},"line":56},"7":{"name":"(anonymous_7)","decl":{"start":{"line":70,"column":12},"end":{"line":70,"column":13}},"loc":{"start":{"line":71,"column":12},"end":{"line":95,"column":13}},"line":71},"8":{"name":"(anonymous_8)","decl":{"start":{"line":106,"column":23},"end":{"line":106,"column":24}},"loc":{"start":{"line":107,"column":24},"end":{"line":110,"column":25}},"line":107}},"branchMap":{"0":{"loc":{"start":{"line":32,"column":8},"end":{"line":32,"column":76}},"type":"binary-expr","locations":[{"start":{"line":32,"column":8},"end":{"line":32,"column":22}},{"start":{"line":32,"column":27},"end":{"line":32,"column":75}}],"line":32},"1":{"loc":{"start":{"line":38,"column":20},"end":{"line":39,"column":51}},"type":"binary-expr","locations":[{"start":{"line":38,"column":21},"end":{"line":38,"column":32}},{"start":{"line":38,"column":36},"end":{"line":38,"column":49}},{"start":{"line":39,"column":27},"end":{"line":39,"column":51}}],"line":38},"2":{"loc":{"start":{"line":58,"column":8},"end":{"line":58,"column":52}},"type":"binary-expr","locations":[{"start":{"line":58,"column":8},"end":{"line":58,"column":24}},{"start":{"line":58,"column":28},"end":{"line":58,"column":52}}],"line":58},"3":{"loc":{"start":{"line":72,"column":16},"end":{"line":73,"column":53}},"type":"if","locations":[{"start":{"line":72,"column":16},"end":{"line":73,"column":53}},{"start":{"line":72,"column":16},"end":{"line":73,"column":53}}],"line":72},"4":{"loc":{"start":{"line":72,"column":19},"end":{"line":72,"column":61}},"type":"binary-expr","locations":[{"start":{"line":72,"column":19},"end":{"line":72,"column":40}},{"start":{"line":72,"column":44},"end":{"line":72,"column":61}}],"line":72},"5":{"loc":{"start":{"line":80,"column":31},"end":{"line":80,"column":95}},"type":"cond-expr","locations":[{"start":{"line":80,"column":58},"end":{"line":80,"column":88}},{"start":{"line":80,"column":91},"end":{"line":80,"column":95}}],"line":80},"6":{"loc":{"start":{"line":84,"column":16},"end":{"line":85,"column":64}},"type":"if","locations":[{"start":{"line":84,"column":16},"end":{"line":85,"column":64}},{"start":{"line":84,"column":16},"end":{"line":85,"column":64}}],"line":84},"7":{"loc":{"start":{"line":84,"column":19},"end":{"line":84,"column":64}},"type":"binary-expr","locations":[{"start":{"line":84,"column":19},"end":{"line":84,"column":44}},{"start":{"line":84,"column":48},"end":{"line":84,"column":64}}],"line":84},"8":{"loc":{"start":{"line":98,"column":20},"end":{"line":100,"column":54}},"type":"cond-expr","locations":[{"start":{"line":99,"column":24},"end":{"line":99,"column":30}},{"start":{"line":100,"column":28},"end":{"line":100,"column":54}}],"line":98},"9":{"loc":{"start":{"line":108,"column":28},"end":{"line":109,"column":82}},"type":"if","locations":[{"start":{"line":108,"column":28},"end":{"line":109,"column":82}},{"start":{"line":108,"column":28},"end":{"line":109,"column":82}}],"line":108},"10":{"loc":{"start":{"line":108,"column":31},"end":{"line":108,"column":76}},"type":"binary-expr","locations":[{"start":{"line":108,"column":31},"end":{"line":108,"column":56}},{"start":{"line":108,"column":60},"end":{"line":108,"column":76}}],"line":108}},"s":{"0":1,"1":1,"2":4,"3":4,"4":8,"5":4,"6":4,"7":4,"8":4,"9":5,"10":4,"11":14,"12":14,"13":14,"14":6,"15":1,"16":5,"17":5,"18":5,"19":1,"20":5,"21":5,"22":5,"23":5,"24":5,"25":5,"26":14,"27":14,"28":14,"29":14,"30":10,"31":9,"32":14,"33":14,"34":1},"f":{"0":62,"1":4,"2":0,"3":8,"4":4,"5":5,"6":14,"7":6,"8":10},"b":{"0":[4,0],"1":[4,0,4],"2":[14,0],"3":[1,5],"4":[6,2],"5":[0,5],"6":[1,4],"7":[5,1],"8":[0,14],"9":[9,1],"10":[10,9]},"_coverageSchema":"1a1c01bbd47fc00a2c39e90264f33305004495a9","hash":"45d48ea77de787fabe77bd5a9545636c6e223c52"}
,"/home/pi/pihub/lib/Settings.js": {"path":"/home/pi/pihub/lib/Settings.js","statementMap":{"0":{"start":{"line":2,"column":11},"end":{"line":2,"column":24}},"1":{"start":{"line":3,"column":0},"end":{"line":3,"column":24}},"2":{"start":{"line":5,"column":12},"end":{"line":5,"column":46}},"3":{"start":{"line":12,"column":8},"end":{"line":17,"column":17}},"4":{"start":{"line":19,"column":8},"end":{"line":19,"column":29}},"5":{"start":{"line":20,"column":8},"end":{"line":20,"column":29}},"6":{"start":{"line":22,"column":8},"end":{"line":22,"column":77}},"7":{"start":{"line":33,"column":8},"end":{"line":33,"column":33}},"8":{"start":{"line":35,"column":8},"end":{"line":60,"column":11}},"9":{"start":{"line":49,"column":27},"end":{"line":56,"column":13}},"10":{"start":{"line":51,"column":33},"end":{"line":53,"column":56}},"11":{"start":{"line":55,"column":16},"end":{"line":55,"column":36}},"12":{"start":{"line":58,"column":12},"end":{"line":58,"column":62}},"13":{"start":{"line":62,"column":25},"end":{"line":62,"column":29}},"14":{"start":{"line":63,"column":22},"end":{"line":73,"column":9}},"15":{"start":{"line":65,"column":12},"end":{"line":65,"column":37}},"16":{"start":{"line":66,"column":12},"end":{"line":72,"column":20}},"17":{"start":{"line":68,"column":27},"end":{"line":68,"column":68}},"18":{"start":{"line":69,"column":16},"end":{"line":69,"column":60}},"19":{"start":{"line":71,"column":16},"end":{"line":71,"column":68}},"20":{"start":{"line":75,"column":8},"end":{"line":75,"column":71}},"21":{"start":{"line":77,"column":8},"end":{"line":77,"column":29}},"22":{"start":{"line":92,"column":8},"end":{"line":92,"column":61}},"23":{"start":{"line":93,"column":8},"end":{"line":93,"column":53}},"24":{"start":{"line":96,"column":8},"end":{"line":127,"column":9}},"25":{"start":{"line":112,"column":31},"end":{"line":112,"column":95}},"26":{"start":{"line":113,"column":16},"end":{"line":113,"column":47}},"27":{"start":{"line":116,"column":16},"end":{"line":117,"column":69}},"28":{"start":{"line":117,"column":20},"end":{"line":117,"column":69}},"29":{"start":{"line":119,"column":16},"end":{"line":119,"column":48}},"30":{"start":{"line":120,"column":16},"end":{"line":120,"column":37}},"31":{"start":{"line":123,"column":16},"end":{"line":123,"column":49}},"32":{"start":{"line":124,"column":16},"end":{"line":124,"column":28}},"33":{"start":{"line":125,"column":16},"end":{"line":125,"column":49}},"34":{"start":{"line":129,"column":20},"end":{"line":131,"column":54}},"35":{"start":{"line":133,"column":8},"end":{"line":133,"column":86}},"36":{"start":{"line":135,"column":8},"end":{"line":135,"column":27}},"37":{"start":{"line":136,"column":8},"end":{"line":141,"column":27}},"38":{"start":{"line":139,"column":28},"end":{"line":140,"column":87}},"39":{"start":{"line":140,"column":32},"end":{"line":140,"column":87}},"40":{"start":{"line":143,"column":8},"end":{"line":143,"column":52}},"41":{"start":{"line":144,"column":8},"end":{"line":144,"column":21}},"42":{"start":{"line":158,"column":8},"end":{"line":162,"column":11}},"43":{"start":{"line":160,"column":12},"end":{"line":160,"column":32}},"44":{"start":{"line":160,"column":21},"end":{"line":160,"column":32}},"45":{"start":{"line":161,"column":12},"end":{"line":161,"column":26}},"46":{"start":{"line":173,"column":8},"end":{"line":176,"column":11}},"47":{"start":{"line":174,"column":12},"end":{"line":174,"column":32}},"48":{"start":{"line":174,"column":21},"end":{"line":174,"column":32}},"49":{"start":{"line":175,"column":12},"end":{"line":175,"column":39}},"50":{"start":{"line":183,"column":0},"end":{"line":183,"column":26}}},"fnMap":{"0":{"name":"(anonymous_0)","decl":{"start":{"line":5,"column":40},"end":{"line":5,"column":41}},"loc":{"start":{"line":5,"column":44},"end":{"line":5,"column":46}},"line":5},"1":{"name":"(anonymous_1)","decl":{"start":{"line":10,"column":4},"end":{"line":10,"column":5}},"loc":{"start":{"line":11,"column":4},"end":{"line":23,"column":5}},"line":11},"2":{"name":"(anonymous_2)","decl":{"start":{"line":31,"column":4},"end":{"line":31,"column":5}},"loc":{"start":{"line":32,"column":4},"end":{"line":78,"column":5}},"line":32},"3":{"name":"(anonymous_3)","decl":{"start":{"line":35,"column":42},"end":{"line":35,"column":43}},"loc":{"start":{"line":36,"column":8},"end":{"line":60,"column":9}},"line":36},"4":{"name":"(anonymous_4)","decl":{"start":{"line":49,"column":27},"end":{"line":49,"column":28}},"loc":{"start":{"line":50,"column":12},"end":{"line":56,"column":13}},"line":50},"5":{"name":"(anonymous_5)","decl":{"start":{"line":63,"column":22},"end":{"line":63,"column":23}},"loc":{"start":{"line":64,"column":8},"end":{"line":73,"column":9}},"line":64},"6":{"name":"(anonymous_6)","decl":{"start":{"line":66,"column":36},"end":{"line":66,"column":37}},"loc":{"start":{"line":67,"column":12},"end":{"line":72,"column":13}},"line":67},"7":{"name":"(anonymous_7)","decl":{"start":{"line":90,"column":4},"end":{"line":90,"column":5}},"loc":{"start":{"line":91,"column":4},"end":{"line":145,"column":5}},"line":91},"8":{"name":"(anonymous_8)","decl":{"start":{"line":105,"column":12},"end":{"line":105,"column":13}},"loc":{"start":{"line":106,"column":12},"end":{"line":126,"column":13}},"line":106},"9":{"name":"(anonymous_9)","decl":{"start":{"line":137,"column":23},"end":{"line":137,"column":24}},"loc":{"start":{"line":138,"column":24},"end":{"line":141,"column":25}},"line":138},"10":{"name":"(anonymous_10)","decl":{"start":{"line":156,"column":4},"end":{"line":156,"column":5}},"loc":{"start":{"line":157,"column":4},"end":{"line":163,"column":5}},"line":157},"11":{"name":"(anonymous_11)","decl":{"start":{"line":158,"column":30},"end":{"line":158,"column":31}},"loc":{"start":{"line":159,"column":8},"end":{"line":162,"column":9}},"line":159},"12":{"name":"(anonymous_12)","decl":{"start":{"line":171,"column":4},"end":{"line":171,"column":5}},"loc":{"start":{"line":172,"column":4},"end":{"line":177,"column":5}},"line":172},"13":{"name":"(anonymous_13)","decl":{"start":{"line":173,"column":37},"end":{"line":173,"column":38}},"loc":{"start":{"line":173,"column":46},"end":{"line":176,"column":9}},"line":173}},"branchMap":{"0":{"loc":{"start":{"line":22,"column":8},"end":{"line":22,"column":76}},"type":"binary-expr","locations":[{"start":{"line":22,"column":8},"end":{"line":22,"column":22}},{"start":{"line":22,"column":27},"end":{"line":22,"column":75}}],"line":22},"1":{"loc":{"start":{"line":51,"column":33},"end":{"line":53,"column":56}},"type":"cond-expr","locations":[{"start":{"line":52,"column":36},"end":{"line":52,"column":60}},{"start":{"line":53,"column":40},"end":{"line":53,"column":56}}],"line":51},"2":{"loc":{"start":{"line":93,"column":8},"end":{"line":93,"column":52}},"type":"binary-expr","locations":[{"start":{"line":93,"column":8},"end":{"line":93,"column":24}},{"start":{"line":93,"column":28},"end":{"line":93,"column":52}}],"line":93},"3":{"loc":{"start":{"line":112,"column":31},"end":{"line":112,"column":95}},"type":"cond-expr","locations":[{"start":{"line":112,"column":58},"end":{"line":112,"column":88}},{"start":{"line":112,"column":91},"end":{"line":112,"column":95}}],"line":112},"4":{"loc":{"start":{"line":116,"column":16},"end":{"line":117,"column":69}},"type":"if","locations":[{"start":{"line":116,"column":16},"end":{"line":117,"column":69}},{"start":{"line":116,"column":16},"end":{"line":117,"column":69}}],"line":116},"5":{"loc":{"start":{"line":116,"column":19},"end":{"line":116,"column":64}},"type":"binary-expr","locations":[{"start":{"line":116,"column":19},"end":{"line":116,"column":44}},{"start":{"line":116,"column":48},"end":{"line":116,"column":64}}],"line":116},"6":{"loc":{"start":{"line":129,"column":20},"end":{"line":131,"column":54}},"type":"cond-expr","locations":[{"start":{"line":130,"column":24},"end":{"line":130,"column":30}},{"start":{"line":131,"column":28},"end":{"line":131,"column":54}}],"line":129},"7":{"loc":{"start":{"line":139,"column":28},"end":{"line":140,"column":87}},"type":"if","locations":[{"start":{"line":139,"column":28},"end":{"line":140,"column":87}},{"start":{"line":139,"column":28},"end":{"line":140,"column":87}}],"line":139},"8":{"loc":{"start":{"line":139,"column":31},"end":{"line":139,"column":76}},"type":"binary-expr","locations":[{"start":{"line":139,"column":31},"end":{"line":139,"column":56}},{"start":{"line":139,"column":60},"end":{"line":139,"column":76}}],"line":139},"9":{"loc":{"start":{"line":160,"column":12},"end":{"line":160,"column":32}},"type":"if","locations":[{"start":{"line":160,"column":12},"end":{"line":160,"column":32}},{"start":{"line":160,"column":12},"end":{"line":160,"column":32}}],"line":160},"10":{"loc":{"start":{"line":174,"column":12},"end":{"line":174,"column":32}},"type":"if","locations":[{"start":{"line":174,"column":12},"end":{"line":174,"column":32}},{"start":{"line":174,"column":12},"end":{"line":174,"column":32}}],"line":174}},"s":{"0":1,"1":1,"2":1,"3":1,"4":1,"5":1,"6":1,"7":1,"8":1,"9":1,"10":1,"11":1,"12":1,"13":1,"14":1,"15":1,"16":1,"17":1,"18":1,"19":1,"20":1,"21":1,"22":1,"23":1,"24":1,"25":1,"26":1,"27":1,"28":0,"29":1,"30":1,"31":1,"32":1,"33":1,"34":1,"35":1,"36":1,"37":1,"38":0,"39":0,"40":1,"41":1,"42":0,"43":0,"44":0,"45":0,"46":0,"47":0,"48":0,"49":0,"50":1},"f":{"0":8,"1":1,"2":1,"3":1,"4":1,"5":1,"6":1,"7":1,"8":1,"9":0,"10":0,"11":0,"12":0,"13":0},"b":{"0":[1,0],"1":[0,1],"2":[1,0],"3":[0,1],"4":[0,1],"5":[1,0],"6":[0,1],"7":[0,0],"8":[0,0],"9":[0,0],"10":[0,0]},"_coverageSchema":"1a1c01bbd47fc00a2c39e90264f33305004495a9","hash":"54617998193a5bb120c8820deac149c000c74d21"}
}
