TN:
SF:lib/ReactiveObjectModel.js
FN:5,(anonymous_0)
FN:10,(anonymous_1)
FN:16,(anonymous_2)
FN:27,(anonymous_3)
FN:36,(anonymous_4)
FN:41,(anonymous_5)
FN:55,(anonymous_6)
FN:70,(anonymous_7)
FN:106,(anonymous_8)
FNF:9
FNH:8
FNDA:62,(anonymous_0)
FNDA:4,(anonymous_1)
FNDA:0,(anonymous_2)
FNDA:8,(anonymous_3)
FNDA:4,(anonymous_4)
FNDA:5,(anonymous_5)
FNDA:14,(anonymous_6)
FNDA:6,(anonymous_7)
FNDA:10,(anonymous_8)
DA:2,1
DA:5,1
DA:12,4
DA:27,8
DA:29,4
DA:32,4
DA:38,4
DA:41,5
DA:43,4
DA:57,14
DA:58,14
DA:61,14
DA:72,6
DA:73,1
DA:80,5
DA:81,5
DA:84,5
DA:85,1
DA:87,5
DA:88,5
DA:91,5
DA:92,5
DA:93,5
DA:94,5
DA:98,14
DA:102,14
DA:104,14
DA:105,14
DA:108,10
DA:109,9
DA:112,14
DA:113,14
DA:119,1
LF:33
LH:33
BRDA:32,0,0,4
BRDA:32,0,1,0
BRDA:38,1,0,4
BRDA:38,1,1,0
BRDA:38,1,2,4
BRDA:58,2,0,14
BRDA:58,2,1,0
BRDA:72,3,0,1
BRDA:72,3,1,5
BRDA:72,4,0,6
BRDA:72,4,1,2
BRDA:80,5,0,0
BRDA:80,5,1,5
BRDA:84,6,0,1
BRDA:84,6,1,4
BRDA:84,7,0,5
BRDA:84,7,1,1
BRDA:98,8,0,0
BRDA:98,8,1,14
BRDA:108,9,0,9
BRDA:108,9,1,1
BRDA:108,10,0,10
BRDA:108,10,1,9
BRF:23
BRH:18
end_of_record
TN:
SF:lib/Settings.js
FN:5,(anonymous_0)
FN:10,(anonymous_1)
FN:31,(anonymous_2)
FN:35,(anonymous_3)
FN:49,(anonymous_4)
FN:63,(anonymous_5)
FN:66,(anonymous_6)
FN:90,(anonymous_7)
FN:105,(anonymous_8)
FN:137,(anonymous_9)
FN:156,(anonymous_10)
FN:158,(anonymous_11)
FN:171,(anonymous_12)
FN:173,(anonymous_13)
FNF:14
FNH:9
FNDA:8,(anonymous_0)
FNDA:1,(anonymous_1)
FNDA:1,(anonymous_2)
FNDA:1,(anonymous_3)
FNDA:1,(anonymous_4)
FNDA:1,(anonymous_5)
FNDA:1,(anonymous_6)
FNDA:1,(anonymous_7)
FNDA:1,(anonymous_8)
FNDA:0,(anonymous_9)
FNDA:0,(anonymous_10)
FNDA:0,(anonymous_11)
FNDA:0,(anonymous_12)
FNDA:0,(anonymous_13)
DA:2,1
DA:3,1
DA:5,1
DA:12,1
DA:19,1
DA:20,1
DA:22,1
DA:33,1
DA:35,1
DA:49,1
DA:51,1
DA:55,1
DA:58,1
DA:62,1
DA:63,1
DA:65,1
DA:66,1
DA:68,1
DA:69,1
DA:71,1
DA:75,1
DA:77,1
DA:92,1
DA:93,1
DA:96,1
DA:112,1
DA:113,1
DA:116,1
DA:117,0
DA:119,1
DA:120,1
DA:123,1
DA:124,1
DA:125,1
DA:129,1
DA:133,1
DA:135,1
DA:136,1
DA:139,0
DA:140,0
DA:143,1
DA:144,1
DA:158,0
DA:160,0
DA:161,0
DA:173,0
DA:174,0
DA:175,0
DA:183,1
LF:49
LH:40
BRDA:22,0,0,1
BRDA:22,0,1,0
BRDA:51,1,0,0
BRDA:51,1,1,1
BRDA:93,2,0,1
BRDA:93,2,1,0
BRDA:112,3,0,0
BRDA:112,3,1,1
BRDA:116,4,0,0
BRDA:116,4,1,1
BRDA:116,5,0,1
BRDA:116,5,1,0
BRDA:129,6,0,0
BRDA:129,6,1,1
BRDA:139,7,0,0
BRDA:139,7,1,0
BRDA:139,8,0,0
BRDA:139,8,1,0
BRDA:160,9,0,0
BRDA:160,9,1,0
BRDA:174,10,0,0
BRDA:174,10,1,0
BRF:22
BRH:7
end_of_record
