TN:
SF:lib/ReactiveObjectModel.js
FN:5,(anonymous_0)
FN:10,(anonymous_1)
FN:16,(anonymous_2)
FN:27,(anonymous_3)
FN:36,(anonymous_4)
FN:48,(anonymous_5)
FN:62,(anonymous_6)
FN:77,(anonymous_7)
FN:113,(anonymous_8)
FNF:9
FNH:8
FNDA:62,(anonymous_0)
FNDA:4,(anonymous_1)
FNDA:0,(anonymous_2)
FNDA:8,(anonymous_3)
FNDA:4,(anonymous_4)
FNDA:5,(anonymous_5)
FNDA:14,(anonymous_6)
FNDA:6,(anonymous_7)
FNDA:10,(anonymous_8)
DA:2,1
DA:5,1
DA:12,4
DA:27,8
DA:29,4
DA:32,4
DA:43,4
DA:48,5
DA:50,4
DA:64,14
DA:65,14
DA:68,14
DA:79,6
DA:80,1
DA:87,5
DA:88,5
DA:91,5
DA:92,1
DA:94,5
DA:95,5
DA:98,5
DA:99,5
DA:100,5
DA:101,5
DA:105,14
DA:109,14
DA:111,14
DA:112,14
DA:115,10
DA:116,9
DA:119,14
DA:120,14
DA:126,1
LF:33
LH:33
BRDA:32,0,0,4
BRDA:32,0,1,0
BRDA:43,1,0,4
BRDA:43,1,1,0
BRDA:43,1,2,4
BRDA:65,2,0,14
BRDA:65,2,1,0
BRDA:79,3,0,1
BRDA:79,3,1,5
BRDA:79,4,0,6
BRDA:79,4,1,2
BRDA:87,5,0,0
BRDA:87,5,1,5
BRDA:91,6,0,1
BRDA:91,6,1,4
BRDA:91,7,0,5
BRDA:91,7,1,1
BRDA:105,8,0,0
BRDA:105,8,1,14
BRDA:115,9,0,9
BRDA:115,9,1,1
BRDA:115,10,0,10
BRDA:115,10,1,9
BRF:23
BRH:18
end_of_record
TN:
SF:lib/Settings.js
FN:5,(anonymous_0)
FN:10,(anonymous_1)
FN:31,(anonymous_2)
FN:35,(anonymous_3)
FN:37,(anonymous_4)
FN:50,(anonymous_5)
FN:53,(anonymous_6)
FN:58,(anonymous_7)
FN:80,(anonymous_8)
FN:95,(anonymous_9)
FN:127,(anonymous_10)
FNF:11
FNH:0
FNDA:0,(anonymous_0)
FNDA:0,(anonymous_1)
FNDA:0,(anonymous_2)
FNDA:0,(anonymous_3)
FNDA:0,(anonymous_4)
FNDA:0,(anonymous_5)
FNDA:0,(anonymous_6)
FNDA:0,(anonymous_7)
FNDA:0,(anonymous_8)
FNDA:0,(anonymous_9)
FNDA:0,(anonymous_10)
DA:2,1
DA:3,1
DA:5,1
DA:12,0
DA:19,0
DA:20,0
DA:22,0
DA:33,0
DA:35,0
DA:37,0
DA:39,0
DA:41,0
DA:45,0
DA:49,0
DA:50,0
DA:52,0
DA:53,0
DA:55,0
DA:56,0
DA:58,0
DA:59,0
DA:60,0
DA:65,0
DA:67,0
DA:82,0
DA:83,0
DA:86,0
DA:102,0
DA:103,0
DA:106,0
DA:107,0
DA:109,0
DA:110,0
DA:113,0
DA:114,0
DA:115,0
DA:119,0
DA:123,0
DA:125,0
DA:126,0
DA:129,0
DA:130,0
DA:133,0
DA:134,0
DA:140,1
LF:45
LH:4
BRDA:39,0,0,0
BRDA:39,0,1,0
BRDA:41,1,0,0
BRDA:41,1,1,0
BRDA:59,2,0,0
BRDA:59,2,1,0
BRDA:83,3,0,0
BRDA:83,3,1,0
BRDA:102,4,0,0
BRDA:102,4,1,0
BRDA:106,5,0,0
BRDA:106,5,1,0
BRDA:106,6,0,0
BRDA:106,6,1,0
BRDA:119,7,0,0
BRDA:119,7,1,0
BRDA:129,8,0,0
BRDA:129,8,1,0
BRDA:129,9,0,0
BRDA:129,9,1,0
BRF:20
BRH:0
end_of_record
TN:
SF:lib/Tst.js
FN:2,(anonymous_0)
FN:7,(anonymous_1)
FN:11,(anonymous_2)
FN:12,(anonymous_3)
FN:22,(anonymous_4)
FN:29,(anonymous_5)
FN:31,(anonymous_6)
FN:35,(anonymous_7)
FNF:8
FNH:7
FNDA:0,(anonymous_0)
FNDA:1,(anonymous_1)
FNDA:1,(anonymous_2)
FNDA:1,(anonymous_3)
FNDA:2,(anonymous_4)
FNDA:1,(anonymous_5)
FNDA:1,(anonymous_6)
FNDA:1,(anonymous_7)
DA:2,1
DA:9,1
DA:11,1
DA:12,1
DA:22,2
DA:25,1
DA:31,1
DA:33,1
DA:34,1
DA:35,1
DA:40,1
LF:11
LH:11
BRF:0
BRH:0
end_of_record
